# JRE version: OpenJDK Runtime Environment (8.0_242-b01) (build 1.8.0_242-release-1644-b01)
# Java VM: OpenJDK 64-Bit Server VM (25.242-b01 mixed mode windows-amd64 compressed oops)
Heap:
 PSYoungGen      total 178176K, used 155604K [0x00000000d5580000, 0x00000000e2100000, 0x0000000100000000)
  eden space 160768K, 85% used [0x00000000d5580000,0x00000000ddc82eb0,0x00000000df280000)
  from space 17408K, 99% used [0x00000000df280000,0x00000000e0372478,0x00000000e0380000)
  to   space 19968K, 0% used [0x00000000e0d80000,0x00000000e0d80000,0x00000000e2100000)
 ParOldGen       total 102912K, used 40628K [0x0000000080000000, 0x0000000086480000, 0x00000000d5580000)
  object space 102912K, 39% used [0x0000000080000000,0x00000000827ad2b0,0x0000000086480000)
 Metaspace       used 70111K, capacity 73514K, committed 73752K, reserved 1114112K
  class space    used 9324K, capacity 9974K, committed 10032K, reserved 1048576K
GC Heap History (10 events):
Event: 12.278 GC heap before
{Heap before GC invocations=16 (full 2):
 PSYoungGen      total 125952K, used 124365K [0x00000000d5580000, 0x00000000df300000, 0x0000000100000000)
  eden space 116224K, 100% used [0x00000000d5580000,0x00000000dc700000,0x00000000dc700000)
  from space 9728K, 83% used [0x00000000dc700000,0x00000000dcef3468,0x00000000dd080000)
  to   space 10752K, 0% used [0x00000000de880000,0x00000000de880000,0x00000000df300000)
 ParOldGen       total 54272K, used 13714K [0x0000000080000000, 0x0000000083500000, 0x00000000d5580000)
  object space 54272K, 25% used [0x0000000080000000,0x0000000080d64a50,0x0000000083500000)
 Metaspace       used 50771K, capacity 52718K, committed 53032K, reserved 1095680K
  class space    used 6790K, capacity 7201K, committed 7216K, reserved 1048576K
Event: 12.311 GC heap after
Heap after GC invocations=16 (full 2):
 PSYoungGen      total 145920K, used 10748K [0x00000000d5580000, 0x00000000dfa80000, 0x0000000100000000)
  eden space 135168K, 0% used [0x00000000d5580000,0x00000000d5580000,0x00000000dd980000)
  from space 10752K, 99% used [0x00000000de880000,0x00000000df2ff320,0x00000000df300000)
  to   space 15360K, 0% used [0x00000000dd980000,0x00000000dd980000,0x00000000de880000)
 ParOldGen       total 54272K, used 22355K [0x0000000080000000, 0x0000000083500000, 0x00000000d5580000)
  object space 54272K, 41% used [0x0000000080000000,0x00000000815d4d10,0x0000000083500000)
 Metaspace       used 50771K, capacity 52718K, committed 53032K, reserved 1095680K
  class space    used 6790K, capacity 7201K, committed 7216K, reserved 1048576K
}
Event: 13.995 GC heap before
{Heap before GC invocations=17 (full 2):
 PSYoungGen      total 145920K, used 92751K [0x00000000d5580000, 0x00000000dfa80000, 0x0000000100000000)
  eden space 135168K, 60% used [0x00000000d5580000,0x00000000da594ba8,0x00000000dd980000)
  from space 10752K, 99% used [0x00000000de880000,0x00000000df2ff320,0x00000000df300000)
  to   space 15360K, 0% used [0x00000000dd980000,0x00000000dd980000,0x00000000de880000)
 ParOldGen       total 54272K, used 22355K [0x0000000080000000, 0x0000000083500000, 0x00000000d5580000)
  object space 54272K, 41% used [0x0000000080000000,0x00000000815d4d10,0x0000000083500000)
 Metaspace       used 56845K, capacity 59136K, committed 59160K, reserved 1099776K
  class space    used 7773K, capacity 8235K, committed 8240K, reserved 1048576K
Event: 14.073 GC heap after
Heap after GC invocations=17 (full 2):
 PSYoungGen      total 150528K, used 9801K [0x00000000d5580000, 0x00000000e1780000, 0x0000000100000000)
  eden space 135168K, 0% used [0x00000000d5580000,0x00000000d5580000,0x00000000dd980000)
  from space 15360K, 63% used [0x00000000dd980000,0x00000000de312468,0x00000000de880000)
  to   space 15872K, 0% used [0x00000000e0800000,0x00000000e0800000,0x00000000e1780000)
 ParOldGen       total 54272K, used 33144K [0x0000000080000000, 0x0000000083500000, 0x00000000d5580000)
  object space 54272K, 61% used [0x0000000080000000,0x000000008205e2b0,0x0000000083500000)
 Metaspace       used 56845K, capacity 59136K, committed 59160K, reserved 1099776K
  class space    used 7773K, capacity 8235K, committed 8240K, reserved 1048576K
}
Event: 14.073 GC heap before
{Heap before GC invocations=18 (full 3):
 PSYoungGen      total 150528K, used 9801K [0x00000000d5580000, 0x00000000e1780000, 0x0000000100000000)
  eden space 135168K, 0% used [0x00000000d5580000,0x00000000d5580000,0x00000000dd980000)
  from space 15360K, 63% used [0x00000000dd980000,0x00000000de312468,0x00000000de880000)
  to   space 15872K, 0% used [0x00000000e0800000,0x00000000e0800000,0x00000000e1780000)
 ParOldGen       total 54272K, used 33144K [0x0000000080000000, 0x0000000083500000, 0x00000000d5580000)
  object space 54272K, 61% used [0x0000000080000000,0x000000008205e2b0,0x0000000083500000)
 Metaspace       used 56845K, capacity 59136K, committed 59160K, reserved 1099776K
  class space    used 7773K, capacity 8235K, committed 8240K, reserved 1048576K
Event: 14.894 GC heap after
Heap after GC invocations=18 (full 3):
 PSYoungGen      total 150528K, used 0K [0x00000000d5580000, 0x00000000e1780000, 0x0000000100000000)
  eden space 135168K, 0% used [0x00000000d5580000,0x00000000d5580000,0x00000000dd980000)
  from space 15360K, 0% used [0x00000000dd980000,0x00000000dd980000,0x00000000de880000)
  to   space 15872K, 0% used [0x00000000e0800000,0x00000000e0800000,0x00000000e1780000)
 ParOldGen       total 102912K, used 40612K [0x0000000080000000, 0x0000000086480000, 0x00000000d5580000)
  object space 102912K, 39% used [0x0000000080000000,0x00000000827a92b0,0x0000000086480000)
 Metaspace       used 56827K, capacity 59076K, committed 59160K, reserved 1099776K
  class space    used 7767K, capacity 8225K, committed 8240K, reserved 1048576K
}
Event: 19.828 GC heap before
{Heap before GC invocations=19 (full 3):
 PSYoungGen      total 150528K, used 135168K [0x00000000d5580000, 0x00000000e1780000, 0x0000000100000000)
  eden space 135168K, 100% used [0x00000000d5580000,0x00000000dd980000,0x00000000dd980000)
  from space 15360K, 0% used [0x00000000dd980000,0x00000000dd980000,0x00000000de880000)
  to   space 15872K, 0% used [0x00000000e0800000,0x00000000e0800000,0x00000000e1780000)
 ParOldGen       total 102912K, used 40612K [0x0000000080000000, 0x0000000086480000, 0x00000000d5580000)
  object space 102912K, 39% used [0x0000000080000000,0x00000000827a92b0,0x0000000086480000)
 Metaspace       used 63170K, capacity 66094K, committed 66456K, reserved 1105920K
  class space    used 8740K, capacity 9268K, committed 9392K, reserved 1048576K
Event: 19.885 GC heap after
Heap after GC invocations=19 (full 3):
 PSYoungGen      total 168448K, used 12749K [0x00000000d5580000, 0x00000000e1480000, 0x0000000100000000)
  eden space 155648K, 0% used [0x00000000d5580000,0x00000000d5580000,0x00000000ded80000)
  from space 12800K, 99% used [0x00000000e0800000,0x00000000e1473480,0x00000000e1480000)
  to   space 17408K, 0% used [0x00000000df280000,0x00000000df280000,0x00000000e0380000)
 ParOldGen       total 102912K, used 40620K [0x0000000080000000, 0x0000000086480000, 0x00000000d5580000)
  object space 102912K, 39% used [0x0000000080000000,0x00000000827ab2b0,0x0000000086480000)
 Metaspace       used 63170K, capacity 66094K, committed 66456K, reserved 1105920K
  class space    used 8740K, capacity 9268K, committed 9392K, reserved 1048576K
}
Event: 74.869 GC heap before
{Heap before GC invocations=20 (full 3):
 PSYoungGen      total 168448K, used 168397K [0x00000000d5580000, 0x00000000e1480000, 0x0000000100000000)
  eden space 155648K, 100% used [0x00000000d5580000,0x00000000ded80000,0x00000000ded80000)
  from space 12800K, 99% used [0x00000000e0800000,0x00000000e1473480,0x00000000e1480000)
  to   space 17408K, 0% used [0x00000000df280000,0x00000000df280000,0x00000000e0380000)
 ParOldGen       total 102912K, used 40620K [0x0000000080000000, 0x0000000086480000, 0x00000000d5580000)
  object space 102912K, 39% used [0x0000000080000000,0x00000000827ab2b0,0x0000000086480000)
 Metaspace       used 69019K, capacity 72354K, committed 72600K, reserved 1112064K
  class space    used 9219K, capacity 9866K, committed 9904K, reserved 1048576K
Event: 74.945 GC heap after
Heap after GC invocations=20 (full 3):
 PSYoungGen      total 178176K, used 17353K [0x00000000d5580000, 0x00000000e2100000, 0x0000000100000000)
  eden space 160768K, 0% used [0x00000000d5580000,0x00000000d5580000,0x00000000df280000)
  from space 17408K, 99% used [0x00000000df280000,0x00000000e0372478,0x00000000e0380000)
  to   space 19968K, 0% used [0x00000000e0d80000,0x00000000e0d80000,0x00000000e2100000)
 ParOldGen       total 102912K, used 40628K [0x0000000080000000, 0x0000000086480000, 0x00000000d5580000)
  object space 102912K, 39% used [0x0000000080000000,0x00000000827ad2b0,0x0000000086480000)
 Metaspace       used 69019K, capacity 72354K, committed 72600K, reserved 1112064K
  class space    used 9219K, capacity 9866K, committed 9904K, reserved 1048576K
}

