# JRE version: OpenJDK Runtime Environment (8.0_242-b01) (build 1.8.0_242-release-1644-b01)
# Java VM: OpenJDK 64-Bit Server VM (25.242-b01 mixed mode windows-amd64 compressed oops)
Heap:
 PSYoungGen      total 235520K, used 71502K [0x00000000d5580000, 0x00000000e5200000, 0x0000000100000000)
  eden space 214016K, 23% used [0x00000000d5580000,0x00000000d870dd08,0x00000000e2680000)
  from space 21504K, 96% used [0x00000000e2680000,0x00000000e3ac5ec0,0x00000000e3b80000)
  to   space 15360K, 0% used [0x00000000e3b80000,0x00000000e3b80000,0x00000000e4a80000)
 ParOldGen       total 52224K, used 36507K [0x0000000080000000, 0x0000000083300000, 0x00000000d5580000)
  object space 52224K, 69% used [0x0000000080000000,0x00000000823a6c10,0x0000000083300000)
 Metaspace       used 65414K, capacity 68506K, committed 68760K, reserved 1107968K
  class space    used 8974K, capacity 9582K, committed 9648K, reserved 1048576K
GC Heap History (10 events):
Event: 6.067 GC heap before
{Heap before GC invocations=12 (full 2):
 PSYoungGen      total 185344K, used 8403K [0x00000000d5580000, 0x00000000e1900000, 0x0000000100000000)
  eden space 173056K, 0% used [0x00000000d5580000,0x00000000d5580000,0x00000000dfe80000)
  from space 12288K, 68% used [0x00000000e0b00000,0x00000000e1334e98,0x00000000e1700000)
  to   space 12800K, 0% used [0x00000000dfe80000,0x00000000dfe80000,0x00000000e0b00000)
 ParOldGen       total 33792K, used 13476K [0x0000000080000000, 0x0000000082100000, 0x00000000d5580000)
  object space 33792K, 39% used [0x0000000080000000,0x0000000080d29198,0x0000000082100000)
 Metaspace       used 34357K, capacity 35420K, committed 35496K, reserved 1079296K
  class space    used 4731K, capacity 5003K, committed 5040K, reserved 1048576K
Event: 6.171 GC heap after
Heap after GC invocations=12 (full 2):
 PSYoungGen      total 185344K, used 0K [0x00000000d5580000, 0x00000000e1900000, 0x0000000100000000)
  eden space 173056K, 0% used [0x00000000d5580000,0x00000000d5580000,0x00000000dfe80000)
  from space 12288K, 0% used [0x00000000e0b00000,0x00000000e0b00000,0x00000000e1700000)
  to   space 12800K, 0% used [0x00000000dfe80000,0x00000000dfe80000,0x00000000e0b00000)
 ParOldGen       total 52224K, used 14789K [0x0000000080000000, 0x0000000083300000, 0x00000000d5580000)
  object space 52224K, 28% used [0x0000000080000000,0x0000000080e715a0,0x0000000083300000)
 Metaspace       used 34357K, capacity 35420K, committed 35496K, reserved 1079296K
  class space    used 4731K, capacity 5003K, committed 5040K, reserved 1048576K
}
Event: 8.430 GC heap before
{Heap before GC invocations=13 (full 2):
 PSYoungGen      total 185344K, used 173056K [0x00000000d5580000, 0x00000000e1900000, 0x0000000100000000)
  eden space 173056K, 100% used [0x00000000d5580000,0x00000000dfe80000,0x00000000dfe80000)
  from space 12288K, 0% used [0x00000000e0b00000,0x00000000e0b00000,0x00000000e1700000)
  to   space 12800K, 0% used [0x00000000dfe80000,0x00000000dfe80000,0x00000000e0b00000)
 ParOldGen       total 52224K, used 14789K [0x0000000080000000, 0x0000000083300000, 0x00000000d5580000)
  object space 52224K, 28% used [0x0000000080000000,0x0000000080e715a0,0x0000000083300000)
 Metaspace       used 45428K, capacity 47146K, committed 47528K, reserved 1089536K
  class space    used 6146K, capacity 6481K, committed 6576K, reserved 1048576K
Event: 8.487 GC heap after
Heap after GC invocations=13 (full 2):
 PSYoungGen      total 185856K, used 12799K [0x00000000d5580000, 0x00000000e4a80000, 0x0000000100000000)
  eden space 173056K, 0% used [0x00000000d5580000,0x00000000d5580000,0x00000000dfe80000)
  from space 12800K, 99% used [0x00000000dfe80000,0x00000000e0affee0,0x00000000e0b00000)
  to   space 15360K, 0% used [0x00000000e3b80000,0x00000000e3b80000,0x00000000e4a80000)
 ParOldGen       total 52224K, used 16920K [0x0000000080000000, 0x0000000083300000, 0x00000000d5580000)
  object space 52224K, 32% used [0x0000000080000000,0x0000000081086098,0x0000000083300000)
 Metaspace       used 45428K, capacity 47146K, committed 47528K, reserved 1089536K
  class space    used 6146K, capacity 6481K, committed 6576K, reserved 1048576K
}
Event: 16.857 GC heap before
{Heap before GC invocations=14 (full 2):
 PSYoungGen      total 185856K, used 156773K [0x00000000d5580000, 0x00000000e4a80000, 0x0000000100000000)
  eden space 173056K, 83% used [0x00000000d5580000,0x00000000de219900,0x00000000dfe80000)
  from space 12800K, 99% used [0x00000000dfe80000,0x00000000e0affee0,0x00000000e0b00000)
  to   space 15360K, 0% used [0x00000000e3b80000,0x00000000e3b80000,0x00000000e4a80000)
 ParOldGen       total 52224K, used 16920K [0x0000000080000000, 0x0000000083300000, 0x00000000d5580000)
  object space 52224K, 32% used [0x0000000080000000,0x0000000081086098,0x0000000083300000)
 Metaspace       used 56849K, capacity 59134K, committed 59160K, reserved 1099776K
  class space    used 7776K, capacity 8236K, committed 8240K, reserved 1048576K
Event: 16.922 GC heap after
Heap after GC invocations=14 (full 2):
 PSYoungGen      total 229376K, used 15347K [0x00000000d5580000, 0x00000000e5200000, 0x0000000100000000)
  eden space 214016K, 0% used [0x00000000d5580000,0x00000000d5580000,0x00000000e2680000)
  from space 15360K, 99% used [0x00000000e3b80000,0x00000000e4a7cfb0,0x00000000e4a80000)
  to   space 21504K, 0% used [0x00000000e2680000,0x00000000e2680000,0x00000000e3b80000)
 ParOldGen       total 52224K, used 26506K [0x0000000080000000, 0x0000000083300000, 0x00000000d5580000)
  object space 52224K, 50% used [0x0000000080000000,0x00000000819e2ba0,0x0000000083300000)
 Metaspace       used 56849K, capacity 59134K, committed 59160K, reserved 1099776K
  class space    used 7776K, capacity 8236K, committed 8240K, reserved 1048576K
}
Event: 16.922 GC heap before
{Heap before GC invocations=15 (full 3):
 PSYoungGen      total 229376K, used 15347K [0x00000000d5580000, 0x00000000e5200000, 0x0000000100000000)
  eden space 214016K, 0% used [0x00000000d5580000,0x00000000d5580000,0x00000000e2680000)
  from space 15360K, 99% used [0x00000000e3b80000,0x00000000e4a7cfb0,0x00000000e4a80000)
  to   space 21504K, 0% used [0x00000000e2680000,0x00000000e2680000,0x00000000e3b80000)
 ParOldGen       total 52224K, used 26506K [0x0000000080000000, 0x0000000083300000, 0x00000000d5580000)
  object space 52224K, 50% used [0x0000000080000000,0x00000000819e2ba0,0x0000000083300000)
 Metaspace       used 56849K, capacity 59134K, committed 59160K, reserved 1099776K
  class space    used 7776K, capacity 8236K, committed 8240K, reserved 1048576K
Event: 17.495 GC heap after
Heap after GC invocations=15 (full 3):
 PSYoungGen      total 229376K, used 0K [0x00000000d5580000, 0x00000000e5200000, 0x0000000100000000)
  eden space 214016K, 0% used [0x00000000d5580000,0x00000000d5580000,0x00000000e2680000)
  from space 15360K, 0% used [0x00000000e3b80000,0x00000000e3b80000,0x00000000e4a80000)
  to   space 21504K, 0% used [0x00000000e2680000,0x00000000e2680000,0x00000000e3b80000)
 ParOldGen       total 52224K, used 36499K [0x0000000080000000, 0x0000000083300000, 0x00000000d5580000)
  object space 52224K, 69% used [0x0000000080000000,0x00000000823a4c10,0x0000000083300000)
 Metaspace       used 56830K, capacity 59068K, committed 59160K, reserved 1099776K
  class space    used 7770K, capacity 8225K, committed 8240K, reserved 1048576K
}
Event: 22.816 GC heap before
{Heap before GC invocations=16 (full 3):
 PSYoungGen      total 229376K, used 214016K [0x00000000d5580000, 0x00000000e5200000, 0x0000000100000000)
  eden space 214016K, 100% used [0x00000000d5580000,0x00000000e2680000,0x00000000e2680000)
  from space 15360K, 0% used [0x00000000e3b80000,0x00000000e3b80000,0x00000000e4a80000)
  to   space 21504K, 0% used [0x00000000e2680000,0x00000000e2680000,0x00000000e3b80000)
 ParOldGen       total 52224K, used 36499K [0x0000000080000000, 0x0000000083300000, 0x00000000d5580000)
  object space 52224K, 69% used [0x0000000080000000,0x00000000823a4c10,0x0000000083300000)
 Metaspace       used 64537K, capacity 67540K, committed 67864K, reserved 1107968K
  class space    used 8874K, capacity 9457K, committed 9520K, reserved 1048576K
Event: 22.934 GC heap after
Heap after GC invocations=16 (full 3):
 PSYoungGen      total 235520K, used 20759K [0x00000000d5580000, 0x00000000e5200000, 0x0000000100000000)
  eden space 214016K, 0% used [0x00000000d5580000,0x00000000d5580000,0x00000000e2680000)
  from space 21504K, 96% used [0x00000000e2680000,0x00000000e3ac5ec0,0x00000000e3b80000)
  to   space 15360K, 0% used [0x00000000e3b80000,0x00000000e3b80000,0x00000000e4a80000)
 ParOldGen       total 52224K, used 36507K [0x0000000080000000, 0x0000000083300000, 0x00000000d5580000)
  object space 52224K, 69% used [0x0000000080000000,0x00000000823a6c10,0x0000000083300000)
 Metaspace       used 64537K, capacity 67540K, committed 67864K, reserved 1107968K
  class space    used 8874K, capacity 9457K, committed 9520K, reserved 1048576K
}

